<?xml version="1.0" encoding="UTF-8"?>
<!-- Generated by org.testng.reporters.JUnitXMLReporter -->
<testsuite ignored="0" hostname="admin-PC" failures="0" tests="4" name="Default test" time="308.391" errors="0" timestamp="2023-10-21T22:48:38 IST">
  <testcase classname="mutipleproductbuy.mutipleproductbuy" name="websiteSignin" time="145.374"/>
  <testcase classname="mutipleproductbuy.mutipleproductbuy" name="websiteSignin" time="53.165"/>
  <testcase classname="mutipleproductbuy.mutipleproductbuy" name="websiteSignin" time="52.194"/>
  <testcase classname="mutipleproductbuy.mutipleproductbuy" name="websiteSignin" time="56.423"/>
</testsuite> <!-- Default test -->
