<?xml version="1.0" encoding="UTF-8"?>
<testng-results ignored="0" total="4" passed="4" failed="0" skipped="0">
  <reporter-output>
  </reporter-output>
  <suite started-at="2023-10-21T22:43:29 IST" name="Default suite" finished-at="2023-10-21T22:48:37 IST" duration-ms="308391">
    <groups>
    </groups>
    <test started-at="2023-10-21T22:43:29 IST" name="Default test" finished-at="2023-10-21T22:48:37 IST" duration-ms="308391">
      <class name="mutipleproductbuy.mutipleproductbuy">
        <test-method signature="websiteSignin(java.lang.String,java.lang.String)[pri:0, instance:mutipleproductbuy.mutipleproductbuy@3a44431a]" started-at="2023-10-21T22:43:30 IST" name="websiteSignin" data-provider="Signin data" finished-at="2023-10-21T22:45:56 IST" duration-ms="145374" status="PASS">
          <params>
            <param index="0">
              <value>
                <![CDATA[msh65@mailinator.com]]>
              </value>
            </param>
            <param index="1">
              <value>
                <![CDATA[Msh@1234]]>
              </value>
            </param>
          </params>
          <reporter-output>
          </reporter-output>
        </test-method> <!-- websiteSignin -->
        <test-method signature="websiteSignin(java.lang.String,java.lang.String)[pri:0, instance:mutipleproductbuy.mutipleproductbuy@3a44431a]" started-at="2023-10-21T22:45:56 IST" name="websiteSignin" data-provider="Signin data" finished-at="2023-10-21T22:46:49 IST" duration-ms="53165" status="PASS">
          <params>
            <param index="0">
              <value>
                <![CDATA[msh66@mailinator.com]]>
              </value>
            </param>
            <param index="1">
              <value>
                <![CDATA[Msh@1234]]>
              </value>
            </param>
          </params>
          <reporter-output>
          </reporter-output>
        </test-method> <!-- websiteSignin -->
        <test-method signature="websiteSignin(java.lang.String,java.lang.String)[pri:0, instance:mutipleproductbuy.mutipleproductbuy@3a44431a]" started-at="2023-10-21T22:46:49 IST" name="websiteSignin" data-provider="Signin data" finished-at="2023-10-21T22:47:41 IST" duration-ms="52194" status="PASS">
          <params>
            <param index="0">
              <value>
                <![CDATA[msh67@mailinator.com]]>
              </value>
            </param>
            <param index="1">
              <value>
                <![CDATA[Msh@1234]]>
              </value>
            </param>
          </params>
          <reporter-output>
          </reporter-output>
        </test-method> <!-- websiteSignin -->
        <test-method signature="websiteSignin(java.lang.String,java.lang.String)[pri:0, instance:mutipleproductbuy.mutipleproductbuy@3a44431a]" started-at="2023-10-21T22:47:41 IST" name="websiteSignin" data-provider="Signin data" finished-at="2023-10-21T22:48:37 IST" duration-ms="56423" status="PASS">
          <params>
            <param index="0">
              <value>
                <![CDATA[msh69@mailinator.com]]>
              </value>
            </param>
            <param index="1">
              <value>
                <![CDATA[Msh@1234]]>
              </value>
            </param>
          </params>
          <reporter-output>
          </reporter-output>
        </test-method> <!-- websiteSignin -->
      </class> <!-- mutipleproductbuy.mutipleproductbuy -->
    </test> <!-- Default test -->
  </suite> <!-- Default suite -->
</testng-results>
